服务已启动
/login.html
/login.css
/First_Frame.png
/login.js
/getData
/login.html
/login.css
/First_Frame.png
/login.js
/getData
/login.html
/login.css
/First_Frame.png
/login.js
/getData
服务已启动
服务已启动
服务已启动
服务已启动
/login.html
/login.css
/First_Frame.png
/login.js
/getData
/favicon.ico
/login.css
/login.html
/login.css
/First_Frame.png
/login.js
/getData
/favicon.ico
/login.html
/login.css
/First_Frame.png
/login.js
/getData
/favicon.ico
/login.html
/login.css
/First_Frame.png
/login.js
/getData
/favicon.ico
/login.html
/login.css
/First_Frame.png
/login.js
/getData
/favicon.ico
服务已启动
服务已启动
/login.html
/login.css
/First_Frame.png
/login.js
/getData
/favicon.ico
服务已启动
/login.html
/login.css
/First_Frame.png
/login.js
/getData
/favicon.ico
服务已启动
/login.html
/login.css
/First_Frame.png
/login.js
/getData
/favicon.ico
服务已启动
/login.html
/login.css
/First_Frame.png
/login.js
/getData
/favicon.ico
/login.css
/login.html
/login.css
/First_Frame.png
/login.js
服务已启动
/login.html
/login.css
/First_Frame.png
/login.js
/getData
/favicon.ico
/login.html
/login.css
/First_Frame.png
/login.js
服务已启动
/login.html
/login.css
/login.js
/First_Frame.png
/getData
/favicon.ico
/login
/login.html
/login.css
/First_Frame.png
/login.js
服务已启动
/login.html
/login.css
/First_Frame.png
/login.js
/getData
/login.html
/login.css
/First_Frame.png
/login.js
服务已启动
/login.html
/login.css
/First_Frame.png
/login.js
/getData
/login
服务已启动
/login.html
/login.css
/First_Frame.png
/login.js
/getData
/login
服务已启动
/login.html
/login.css
/First_Frame.png
/login.js
/getData
/login
服务已启动
/login.html
/login.css
/First_Frame.png
/login.js
/getData
服务已启动
/login.html
/login.css
/First_Frame.png
/login.js
/getData
服务已启动
/login
服务已启动
/login
服务已启动
/login
服务已启动
/login
服务已启动
/login
服务已启动
/login
服务已启动
/login
服务已启动
/login
服务已启动
/login.html
/login.css
/login.js
/First_Frame.png
/getData
服务已启动
/login.html
/login.css
/First_Frame.png
/login.js
/getData
服务已启动
/login
服务已启动
服务已启动
/login.html
/login.css
/First_Frame.png
/login.js
/getData
服务已启动
/login.html
/login.css
/First_Frame.png
/login.js
/getData
服务已启动
/login
服务已启动
/login.html
/login.css
/First_Frame.png
/login.js
/getData
服务已启动
/login
服务已启动
/login
服务已启动
/login.html
/login.css
/First_Frame.png
/login.js
/getData
服务已启动
/login
/login
/login
/login
/login
/login
服务已启动
/login.html
/login.css
/First_Frame.png
/login.js
/getData
/favicon.ico
/login.css
/login
/getData
服务已启动
/login
服务已启动
/login
服务已启动
/login
服务已启动
/login
服务已启动
服务已启动
服务已启动
服务已启动
/login
/login
/login.html
/login.css
/First_Frame.png
/login.js
/getData
/favicon.ico
/login
服务已启动
/login
/login
服务已启动
/login
服务已启动
/login
服务已启动
/login
服务已启动
/login
/login
服务已启动
/login
/login
服务已启动
/login.html
/login.css
/First_Frame.png
/login.js
/getData
/login
/main.html
/login.html
/login.css
/First_Frame.png
/login.js
/getData
/login
服务已启动
/login
服务已启动
/login
服务已启动
/login
/main.html
服务已启动
/login
/main.html
/login.html
/login.css
/First_Frame.png
/login.js
/getData
/favicon.ico
/login
/main.html
/login.html
/login.css
/First_Frame.png
/login.js
/getData
/login
/login
/main.html
/login.html
/login.css
/First_Frame.png
/login.js
/getData
/favicon.ico
服务已启动
/login
/login.html
/login.css
/First_Frame.png
/login.js
/getData
/login
/login
/login.html
/login.css
/First_Frame.png
/login.js
/getData
/login
/main.html
服务已启动
/login.html
/login.css
/First_Frame.png
/login.js
/getData
/login
/login
/main.html
/login.html
/login.css
/First_Frame.png
/login.js
/getData
/loginForServer
/login.html
/login.css
/First_Frame.png
/login.js
/getData
/loginForServer
/main.html
